\BOOKMARK [1][-]{section.1}{\376\377\000I\000n\000t\000r\000o\000d\000u\000z\000i\000o\000n\000e}{}% 1
\BOOKMARK [2][-]{subsection.1.1}{\376\377\000K\000e\000r\000n\000e\000l\000/\000U\000s\000e\000r\000\040\000m\000o\000d\000e\000\040\000e\000\040\000p\000r\000o\000t\000e\000z\000i\000o\000n\000e\000\040\000d\000e\000l\000l\000a\000\040\000m\000e\000m\000o\000r\000i\000a}{section.1}% 2
\BOOKMARK [2][-]{subsection.1.2}{\376\377\000C\000h\000e\000\040\000c\000o\000s\000'\000\350\000\040\000u\000n\000\040\000S\000i\000s\000t\000e\000m\000a\000\040\000O\000p\000e\000r\000a\000t\000i\000v\000o}{section.1}% 3
\BOOKMARK [3][-]{subsubsection.1.2.1}{\376\377\000L\000'\000O\000S\000\040\000c\000o\000m\000e\000\040\000m\000a\000c\000c\000h\000i\000n\000a\000\040\000e\000s\000t\000e\000s\000a}{subsection.1.2}% 4
\BOOKMARK [3][-]{subsubsection.1.2.2}{\376\377\000L\000'\000O\000S\000\040\000c\000o\000m\000e\000\040\000g\000e\000s\000t\000o\000r\000e\000\040\000d\000e\000l\000l\000e\000\040\000r\000i\000s\000o\000r\000s\000e}{subsection.1.2}% 5
\BOOKMARK [2][-]{subsection.1.3}{\376\377\000A\000n\000a\000l\000i\000s\000i\000\040\000d\000e\000l\000l\000'\000h\000a\000r\000d\000w\000a\000r\000e}{section.1}% 6
\BOOKMARK [3][-]{subsubsection.1.3.1}{\376\377\000S\000y\000s\000t\000e\000m\000\040\000B\000u\000s}{subsection.1.3}% 7
\BOOKMARK [3][-]{subsubsection.1.3.2}{\376\377\000D\000i\000s\000p\000o\000s\000t\000i\000v\000i\000\040\000d\000i\000\040\000I\000/\000O}{subsection.1.3}% 8
\BOOKMARK [3][-]{subsubsection.1.3.3}{\376\377\000P\000r\000o\000c\000e\000s\000s\000o\000r\000i}{subsection.1.3}% 9
\BOOKMARK [3][-]{subsubsection.1.3.4}{\376\377\000P\000r\000o\000t\000e\000z\000i\000o\000n\000e\000\040\000d\000e\000l\000l\000e\000\040\000s\000y\000s\000t\000e\000m\000\040\000c\000a\000l\000l}{subsection.1.3}% 10
\BOOKMARK [3][-]{subsubsection.1.3.5}{\376\377\000P\000a\000s\000s\000a\000g\000g\000i\000o\000\040\000d\000i\000\040\000p\000a\000r\000a\000m\000e\000t\000r\000i}{subsection.1.3}% 11
\BOOKMARK [3][-]{subsubsection.1.3.6}{\376\377\000T\000i\000m\000e\000r\000,\000\040\000I\000s\000t\000r\000u\000z\000i\000o\000n\000i\000\040\000a\000t\000o\000m\000i\000c\000h\000e\000,\000\040\000V\000i\000r\000t\000u\000a\000l\000\040\000M\000e\000m\000o\000r\000y}{subsection.1.3}% 12
\BOOKMARK [2][-]{subsection.1.4}{\376\377\000P\000r\000o\000g\000e\000t\000t\000a\000z\000i\000o\000n\000e\000\040\000e\000\040\000i\000m\000p\000l\000e\000m\000e\000n\000t\000a\000z\000i\000o\000n\000e\000\040\000d\000e\000l\000\040\000s\000i\000s\000t\000e\000m\000a\000\040\000o\000p\000e\000r\000a\000t\000i\000v\000o}{section.1}% 13
\BOOKMARK [1][-]{section.2}{\376\377\000G\000e\000s\000t\000i\000o\000n\000e\000\040\000d\000e\000i\000\040\000P\000r\000o\000c\000e\000s\000s\000i\000\040\000e\000\040\000t\000h\000r\000e\000a\000d}{}% 14
\BOOKMARK [2][-]{subsection.2.1}{\376\377\000S\000t\000a\000t\000o\000\040\000d\000i\000\040\000e\000s\000e\000c\000u\000z\000i\000o\000n\000e\000\040\000d\000e\000l\000\040\000p\000r\000o\000c\000e\000s\000s\000o}{section.2}% 15
\BOOKMARK [2][-]{subsection.2.2}{\376\377\000P\000r\000o\000c\000e\000s\000s\000\040\000C\000o\000n\000t\000r\000o\000l\000\040\000B\000l\000o\000c\000k\000\040\000\050\000P\000C\000B\000\051}{section.2}% 16
\BOOKMARK [2][-]{subsection.2.3}{\376\377\000C\000r\000e\000a\000z\000i\000o\000n\000e\000\040\000d\000i\000\040\000p\000r\000o\000c\000e\000s\000s\000i}{section.2}% 17
\BOOKMARK [3][-]{subsubsection.2.3.1}{\376\377\000R\000i\000s\000o\000r\000s\000e\000\040\000d\000e\000l\000\040\000p\000a\000d\000r\000e\000\040\000v\000s\000\040\000f\000i\000g\000l\000i\000o}{subsection.2.3}% 18
\BOOKMARK [3][-]{subsubsection.2.3.2}{\376\377\000E\000s\000e\000c\000u\000z\000i\000o\000n\000e\000\040\000d\000e\000l\000\040\000p\000a\000d\000r\000e\000\040\000v\000s\000\040\000f\000i\000g\000l\000i\000o}{subsection.2.3}% 19
\BOOKMARK [2][-]{subsection.2.4}{\376\377\000T\000e\000r\000m\000i\000n\000a\000z\000i\000o\000n\000e\000\040\000d\000i\000\040\000p\000r\000o\000c\000e\000s\000s\000i}{section.2}% 20
\BOOKMARK [2][-]{subsection.2.5}{\376\377\000S\000c\000h\000e\000d\000u\000l\000i\000n\000g\000\040\000d\000e\000i\000\040\000p\000r\000o\000c\000e\000s\000s\000i}{section.2}% 21
\BOOKMARK [3][-]{subsubsection.2.5.1}{\376\377\000I\000l\000\040\000C\000o\000n\000t\000e\000x\000t\000\040\000S\000w\000i\000t\000c\000h}{subsection.2.5}% 22
\BOOKMARK [2][-]{subsection.2.6}{\376\377\000C\000o\000m\000m\000u\000n\000i\000c\000a\000z\000i\000o\000n\000e\000\040\000d\000e\000i\000\040\000p\000r\000o\000c\000e\000s\000s\000i}{section.2}% 23
\BOOKMARK [2][-]{subsection.2.7}{\376\377\000S\000c\000h\000e\000d\000u\000l\000i\000n\000g\000\040\000d\000e\000i\000\040\000p\000r\000o\000c\000e\000s\000s\000i}{section.2}% 24
\BOOKMARK [2][-]{subsection.2.8}{\376\377\000S\000c\000h\000e\000d\000u\000l\000i\000n\000g\000\040\000P\000r\000e\000e\000m\000p\000t\000i\000v\000e\000\040\000e\000\040\000N\000o\000n\000-\000P\000r\000e\000e\000m\000p\000t\000i\000v\000e}{section.2}% 25
\BOOKMARK [3][-]{subsubsection.2.8.1}{\376\377\000P\000r\000o\000b\000l\000e\000m\000i}{subsection.2.8}% 26
\BOOKMARK [2][-]{subsection.2.9}{\376\377\000I\000l\000\040\000D\000i\000s\000p\000a\000t\000c\000h\000e\000r}{section.2}% 27
\BOOKMARK [2][-]{subsection.2.10}{\376\377\000D\000e\000f\000i\000n\000i\000z\000i\000o\000n\000i\000\040\000u\000t\000i\000l\000i}{section.2}% 28
\BOOKMARK [2][-]{subsection.2.11}{\376\377\000C\000r\000i\000t\000e\000r\000i\000/\000m\000e\000t\000r\000i\000c\000h\000e\000\040\000d\000i\000\040\000s\000c\000h\000e\000d\000u\000l\000i\000n\000g}{section.2}% 29
\BOOKMARK [2][-]{subsection.2.12}{\376\377\000A\000l\000g\000o\000r\000i\000t\000m\000i\000\040\000d\000i\000\040\000S\000c\000h\000e\000d\000u\000l\000i\000n\000g}{section.2}% 30
\BOOKMARK [3][-]{subsubsection.2.12.1}{\376\377\000F\000i\000r\000s\000t\000-\000C\000o\000m\000e\000-\000F\000i\000r\000s\000t\000-\000S\000e\000r\000v\000e\000\040\000\050\000F\000C\000F\000S\000\051}{subsection.2.12}% 31
\BOOKMARK [3][-]{subsubsection.2.12.2}{\376\377\000E\000s\000e\000m\000p\000i}{subsection.2.12}% 32
\BOOKMARK [3][-]{subsubsection.2.12.3}{\376\377\000R\000o\000u\000n\000d\000\040\000-\000\040\000R\000o\000b\000i\000n\000\040\000\050\000R\000R\000\051}{subsection.2.12}% 33
\BOOKMARK [3][-]{subsubsection.2.12.4}{\376\377\000E\000s\000e\000m\000p\000i}{subsection.2.12}% 34
\BOOKMARK [3][-]{subsubsection.2.12.5}{\376\377\000S\000h\000o\000r\000t\000e\000s\000t\000-\000J\000o\000b\000-\000F\000i\000r\000s\000t\000\040\000\050\000S\000J\000F\000\051}{subsection.2.12}% 35
\BOOKMARK [3][-]{subsubsection.2.12.6}{\376\377\000E\000s\000e\000m\000p\000i}{subsection.2.12}% 36
\BOOKMARK [3][-]{subsubsection.2.12.7}{\376\377\000P\000r\000i\000o\000r\000i\000t\000y\000\040\000S\000c\000h\000e\000d\000u\000l\000i\000n\000g}{subsection.2.12}% 37
\BOOKMARK [3][-]{subsubsection.2.12.8}{\376\377\000M\000u\000l\000t\000i\000l\000e\000v\000e\000l\000\040\000Q\000u\000e\000u\000e\000\040\000\050\000M\000L\000Q\000\040\000e\000\040\000M\000L\000F\000Q\000\051}{subsection.2.12}% 38
\BOOKMARK [3][-]{subsubsection.2.12.9}{\376\377\000E\000s\000e\000m\000p\000i\000o\000\040\000d\000i\000\040\000s\000u\000d\000d\000i\000v\000i\000s\000i\000o\000n\000e\000\040\000t\000r\000a\000m\000i\000t\000e\000\040\000M\000L\000Q\000\040\000e\000\040\000M\000L\000F\000Q\000:}{subsection.2.12}% 39
\BOOKMARK [3][-]{subsubsection.2.12.10}{\376\377\000E\000s\000e\000m\000p\000i\000o}{subsection.2.12}% 40
\BOOKMARK [3][-]{subsubsection.2.12.11}{\376\377\000E\000x\000t\000r\000a\000:\000\040\000L\000o\000t\000t\000e\000r\000y\000\040\000s\000c\000h\000e\000d\000u\000l\000i\000n\000g}{subsection.2.12}% 41
\BOOKMARK [2][-]{subsection.2.13}{\376\377\000T\000h\000r\000e\000a\000d\000\040\000e\000\040\000M\000u\000l\000t\000i\000-\000t\000h\000r\000e\000a\000d\000i\000n\000g}{section.2}% 42
\BOOKMARK [3][-]{subsubsection.2.13.1}{\376\377\000V\000a\000n\000t\000a\000g\000g\000i}{subsection.2.13}% 43
\BOOKMARK [3][-]{subsubsection.2.13.2}{\376\377\000P\000r\000o\000g\000r\000a\000m\000m\000a\000z\000i\000o\000n\000e\000\040\000M\000u\000l\000t\000i\000-\000c\000o\000r\000e}{subsection.2.13}% 44
\BOOKMARK [3][-]{subsubsection.2.13.3}{\376\377\000T\000i\000p\000i\000\040\000d\000i\000\040\000p\000a\000r\000a\000l\000l\000e\000l\000i\000s\000m\000o}{subsection.2.13}% 45
\BOOKMARK [3][-]{subsubsection.2.13.4}{\376\377\000K\000e\000r\000n\000e\000l\000\040\000t\000h\000r\000e\000a\000d\000s\000\040\000v\000s\000\040\000U\000s\000e\000r\000\040\000t\000h\000r\000e\000a\000d\000s}{subsection.2.13}% 46
\BOOKMARK [3][-]{subsubsection.2.13.5}{\376\377\000M\000o\000d\000e\000l\000l\000i\000\040\000d\000i\000\040\000M\000u\000l\000t\000i\000-\000t\000h\000r\000e\000a\000d\000i\000n\000g}{subsection.2.13}% 47
\BOOKMARK [1][-]{section.3}{\376\377\000S\000i\000n\000c\000r\000o\000n\000i\000z\000z\000a\000z\000i\000o\000n\000e\000\040\000t\000r\000a\000\040\000P\000r\000o\000c\000e\000s\000s\000i\000/\000T\000h\000r\000e\000a\000d}{}% 48
\BOOKMARK [2][-]{subsection.3.1}{\376\377\000I\000\040\000L\000o\000c\000k}{section.3}% 49
\BOOKMARK [2][-]{subsection.3.2}{\376\377\000I\000\040\000S\000e\000m\000a\000f\000o\000r\000i}{section.3}% 50
\BOOKMARK [3][-]{subsubsection.3.2.1}{\376\377\000E\000s\000e\000m\000p\000i}{subsection.3.2}% 51
\BOOKMARK [3][-]{subsubsection.3.2.2}{\376\377\000P\000r\000o\000b\000l\000e\000m\000i\000\040\000s\000e\000m\000a\000f\000o\000r\000i}{subsection.3.2}% 52
\BOOKMARK [2][-]{subsection.3.3}{\376\377\000I\000\040\000M\000o\000n\000i\000t\000o\000r}{section.3}% 53
\BOOKMARK [3][-]{subsubsection.3.3.1}{\376\377\000P\000r\000o\000b\000l\000e\000m\000i\000\040\000d\000i\000\040\000L\000e\000t\000t\000u\000r\000a\000\040\000e\000\040\000S\000c\000r\000i\000t\000t\000u\000r\000a}{subsection.3.3}% 54
\BOOKMARK [3][-]{subsubsection.3.3.2}{\376\377\000\050\000F\000i\000r\000s\000t\000\051\000\040\000R\000e\000a\000d\000e\000r\000s\000-\000W\000r\000i\000t\000e\000r\000s\000\040\000P\000r\000o\000b\000l\000e\000m\000:\000\040\000S\000o\000l\000u\000z\000i\000o\000n\000e\000\040\000I}{subsection.3.3}% 55
\BOOKMARK [3][-]{subsubsection.3.3.3}{\376\377\000S\000o\000l\000u\000z\000i\000o\000n\000e\000\040\000I\000I\000:\000\040\000u\000s\000a\000r\000e\000\040\000i\000\040\000M\000o\000n\000i\000t\000o\000r}{subsection.3.3}% 56
\BOOKMARK [2][-]{subsection.3.4}{\376\377\000D\000e\000a\000d\000l\000o\000c\000k}{section.3}% 57
\BOOKMARK [3][-]{subsubsection.3.4.1}{\376\377\000C\000o\000s\000'\000\350\000\040\000u\000n\000\040\000d\000e\000a\000d\000l\000o\000c\000k}{subsection.3.4}% 58
\BOOKMARK [3][-]{subsubsection.3.4.2}{\376\377\000R\000e\000s\000o\000u\000r\000c\000e\000\040\000A\000l\000l\000o\000c\000a\000t\000i\000o\000n\000\040\000G\000r\000a\000p\000h\000\040\000\050\000R\000A\000G\000\051}{subsection.3.4}% 59
\BOOKMARK [3][-]{subsubsection.3.4.3}{\376\377\000M\000o\000d\000e\000l\000l\000a\000z\000i\000o\000n\000e\000\040\000d\000e\000i\000\040\000d\000e\000a\000d\000l\000o\000c\000k}{subsection.3.4}% 60
\BOOKMARK [3][-]{subsubsection.3.4.4}{\376\377\000E\000s\000e\000m\000p\000i\000o}{subsection.3.4}% 61
\BOOKMARK [2][-]{subsection.3.5}{\376\377\000P\000r\000e\000v\000e\000n\000i\000r\000e\000\040\000e\000d\000\040\000e\000v\000i\000t\000a\000r\000e\000\040\000u\000n\000\040\000d\000e\000a\000d\000l\000o\000c\000k}{section.3}% 62
\BOOKMARK [3][-]{subsubsection.3.5.1}{\376\377\000S\000t\000a\000t\000o\000\040\000s\000i\000c\000u\000r\000o}{subsection.3.5}% 63
\BOOKMARK [3][-]{subsubsection.3.5.2}{\376\377\000A\000r\000c\000h\000i\000\040\000d\000i\000\040\000p\000r\000e\000t\000e\000s\000a}{subsection.3.5}% 64
\BOOKMARK [3][-]{subsubsection.3.5.3}{\376\377\000E\000s\000e\000m\000p\000i}{subsection.3.5}% 65
\BOOKMARK [1][-]{section.4}{\376\377\000G\000e\000s\000t\000i\000o\000n\000e\000\040\000d\000e\000l\000l\000a\000\040\000M\000e\000m\000o\000r\000i\000a}{}% 66
\BOOKMARK [2][-]{subsubsection.4.0.1}{\376\377\000E\000s\000e\000m\000p\000i\000o}{section.4}% 67
\BOOKMARK [1][-]{section.5}{\376\377\000G\000e\000s\000t\000i\000o\000n\000e\000\040\000d\000e\000i\000\040\000S\000i\000s\000t\000e\000m\000i\000\040\000d\000i\000\040\000I\000/\000O}{}% 68
\BOOKMARK [1][-]{section.6}{\376\377\000F\000i\000l\000e\000\040\000S\000y\000s\000t\000e\000m}{}% 69
\BOOKMARK [1][-]{section.7}{\376\377\000A\000d\000v\000a\000n\000c\000e\000d\000\040\000T\000o\000p\000i\000c\000s}{}% 70
\BOOKMARK [1][-]{section.8}{\376\377\000E\000s\000e\000r\000c\000i\000z\000i}{}% 71
\BOOKMARK [1][-]{section.9}{\376\377\000F\000o\000r\000m\000u\000l\000a\000r\000i\000o}{}% 72
